<?xml version="1.0" encoding="UTF-8"?>
<!-- Generated by org.testng.reporters.JUnitReportReporter -->
<testsuite hostname="PARTHDellG15" failures="0" tests="1" name="ICGMS_MotorClaim._15_MotorClaim_SurveyorFees" time="17.610" errors="0" timestamp="2025-01-28T16:09:24 IST" skipped="0">
  <testcase classname="ICGMS_MotorClaim._15_MotorClaim_SurveyorFees" name="MotorClaim_SurvyeorFees" time="17.610"/>
  <system-out/>
</testsuite> <!-- ICGMS_MotorClaim._15_MotorClaim_SurveyorFees -->
