<?xml version="1.0" encoding="UTF-8"?>
<!-- Generated by org.testng.reporters.JUnitReportReporter -->
<testsuite hostname="PARTHDellG15" failures="0" tests="1" name="ICGMS_PreInspection._02_PreInspection_CustomerFormFill" time="51.009" errors="0" timestamp="2025-01-29T17:19:09 IST" skipped="0">
  <testcase classname="ICGMS_PreInspection._02_PreInspection_CustomerFormFill" name="Customer_Form_Fill" time="51.009"/>
  <system-out>
    <![CDATA[Login Successfull]]>
  </system-out>
</testsuite> <!-- ICGMS_PreInspection._02_PreInspection_CustomerFormFill -->
