<?xml version="1.0" encoding="UTF-8"?>
<!-- Generated by org.testng.reporters.JUnitReportReporter -->
<testsuite hostname="PARTHDellG15" failures="0" tests="1" name="ICGMS_PreInspection._01_PreInspection_InitiateNewProcess" time="23.660" errors="0" timestamp="2025-01-29T17:15:40 IST" skipped="0">
  <testcase classname="ICGMS_PreInspection._01_PreInspection_InitiateNewProcess" name="InitiateNewProcess" time="23.660"/>
  <system-out>
    <![CDATA[Login Successfull]]>
  </system-out>
</testsuite> <!-- ICGMS_PreInspection._01_PreInspection_InitiateNewProcess -->
