<?xml version="1.0" encoding="UTF-8"?>
<!-- Generated by org.testng.reporters.JUnitReportReporter -->
<testsuite hostname="PARTHDellG15" failures="0" tests="1" name="ICGMS_MotorClaim._07_MotorClaim_QCApproval" time="13.090" errors="0" timestamp="2025-01-29T16:12:24 IST" skipped="0">
  <testcase classname="ICGMS_MotorClaim._07_MotorClaim_QCApproval" name="MotorClaim_QCApproval" time="13.090"/>
  <system-out>
    <![CDATA[Login Successfull]]>
  </system-out>
</testsuite> <!-- ICGMS_MotorClaim._07_MotorClaim_QCApproval -->
