<?xml version="1.0" encoding="UTF-8"?>
<!-- Generated by org.testng.reporters.JUnitReportReporter -->
<testsuite hostname="PARTHDellG15" failures="0" tests="1" name="ICGMS_MotorClaim._14_MotorClaim_FinalReport" time="22.183" errors="0" timestamp="2025-01-28T16:09:24 IST" skipped="0">
  <testcase classname="ICGMS_MotorClaim._14_MotorClaim_FinalReport" name="MotorClaim_FinalReport" time="22.183"/>
  <system-out/>
</testsuite> <!-- ICGMS_MotorClaim._14_MotorClaim_FinalReport -->
