<?xml version="1.0" encoding="UTF-8"?>
<!-- Generated by org.testng.reporters.JUnitReportReporter -->
<testsuite hostname="PARTHDellG15" failures="0" tests="1" name="ICGMS.PreInspection_InitiateNewProcess_01" time="16.795" errors="0" timestamp="2024-12-13T15:48:38 IST" skipped="0">
  <testcase classname="ICGMS.PreInspection_InitiateNewProcess_01" name="InitiateNewProcess" time="16.795"/>
  <system-out/>
</testsuite> <!-- ICGMS.PreInspection_InitiateNewProcess_01 -->
