<?xml version="1.0" encoding="UTF-8"?>
<!-- Generated by org.testng.reporters.JUnitReportReporter -->
<testsuite hostname="PARTHDellG15" failures="0" tests="1" name="Assignment.LoginAutomation" time="6.147" errors="0" timestamp="2025-01-27T16:00:02 IST" skipped="0">
  <testcase classname="Assignment.LoginAutomation" name="login" time="6.147"/>
  <system-out/>
</testsuite> <!-- Assignment.LoginAutomation -->
