<?xml version="1.0" encoding="UTF-8"?>
<!-- Generated by org.testng.reporters.JUnitReportReporter -->
<testsuite hostname="PARTHDellG15" failures="0" tests="1" name="ICGMS.ICGMS_PreInspection_CustomerFormFill" time="47.273" errors="0" timestamp="2024-12-12T10:36:48 IST" skipped="0">
  <testcase classname="ICGMS.ICGMS_PreInspection_CustomerFormFill" name="Customer_Form_Fill" time="47.273"/>
  <system-out/>
</testsuite> <!-- ICGMS.ICGMS_PreInspection_CustomerFormFill -->
