<?xml version="1.0" encoding="UTF-8"?>
<!-- Generated by org.testng.reporters.JUnitReportReporter -->
<testsuite hostname="PARTHDellG15" failures="0" tests="1" name="ICGMS_MotorClaim._06_MotorClaim_RepairerReport" time="18.569" errors="0" timestamp="2025-01-29T16:12:24 IST" skipped="0">
  <testcase classname="ICGMS_MotorClaim._06_MotorClaim_RepairerReport" name="MotorClaim_RepairerReport" time="18.569"/>
  <system-out>
    <![CDATA[Login Successfull]]>
  </system-out>
</testsuite> <!-- ICGMS_MotorClaim._06_MotorClaim_RepairerReport -->
