<?xml version="1.0" encoding="UTF-8"?>
<!-- Generated by org.testng.reporters.JUnitReportReporter -->
<testsuite hostname="PARTHDellG15" failures="0" tests="1" name="ICGMS.PreInspection_CustomerFormFill_02" time="41.578" errors="0" timestamp="2024-12-13T15:48:38 IST" skipped="0">
  <testcase classname="ICGMS.PreInspection_CustomerFormFill_02" name="Customer_Form_Fill" time="41.578"/>
  <system-out/>
</testsuite> <!-- ICGMS.PreInspection_CustomerFormFill_02 -->
