<?xml version="1.0" encoding="UTF-8"?>
<!-- Generated by org.testng.reporters.JUnitReportReporter -->
<testsuite hostname="PARTHDellG15" failures="0" tests="1" name="ICGMS_PreInspection._03_PreInspection_PreCheck" time="41.873" errors="0" timestamp="2025-01-29T17:29:19 IST" skipped="0">
  <testcase classname="ICGMS_PreInspection._03_PreInspection_PreCheck" name="Pre_Check" time="41.873"/>
  <system-out>
    <![CDATA[Login Successfull]]>
  </system-out>
</testsuite> <!-- ICGMS_PreInspection._03_PreInspection_PreCheck -->
